./README.md
./api/index.md
./api/mon_command_api.md
./ceph-volume/lvm/activate.md
./ceph-volume/lvm/batch.md
./ceph-volume/lvm/create.md
./ceph-volume/lvm/encryption.md
./ceph-volume/lvm/index.md
./ceph-volume/lvm/list.md
./ceph-volume/lvm/migrate.md
./ceph-volume/lvm/newdb.md
./ceph-volume/lvm/newwal.md
./ceph-volume/lvm/prepare.md
./ceph-volume/lvm/scan.md
./ceph-volume/lvm/systemd.md
./ceph-volume/lvm/zap.md
./ceph-volume/simple/activate.md
./ceph-volume/simple/index.md
./ceph-volume/simple/scan.md
./ceph-volume/simple/systemd.md
./ceph-volume/zfs/index.md
./ceph-volume/zfs/inventory.md
./ceph-volume/drive-group.md
./ceph-volume/index.md
./ceph-volume/intro.md
./ceph-volume/inventory.md
./ceph-volume/systemd.md
./cephadm/services/custom-container.md
./cephadm/services/index.md
./cephadm/services/iscsi.md
./cephadm/services/mds.md
./cephadm/services/mgmt-gateway.md
./cephadm/services/mgr.md
./cephadm/services/mon.md
./cephadm/services/monitoring.md
./cephadm/services/nfs.md
./cephadm/services/oauth2-proxy.md
./cephadm/services/osd.md
./cephadm/services/rgw.md
./cephadm/services/smb.md
./cephadm/services/snmp-gateway.md
./cephadm/services/tracing.md
./cephadm/adoption.md
./cephadm/client-setup.md
./cephadm/compatibility.md
./cephadm/host-management.md
./cephadm/index.md
./cephadm/install.md
./cephadm/operations.md
./cephadm/troubleshooting.md
./cephadm/upgrade.md
./cephfs/api/index.md
./cephfs/api/libcephfs-java.md
./cephfs/api/libcephfs-py.md
./cephfs/add-remove-mds.md
./cephfs/administration.md
./cephfs/app-best-practices.md
./cephfs/cache-configuration.md
./cephfs/capabilities.md
./cephfs/ceph-dokan.md
./cephfs/cephfs-io-path.md
./cephfs/cephfs-journal-tool.md
./cephfs/cephfs-mirroring.md
./cephfs/cephfs-top.md
./cephfs/client-auth.md
./cephfs/client-config-ref.md
./cephfs/createfs.md
./cephfs/dirfrags.md
./cephfs/disaster-recovery-experts.md
./cephfs/disaster-recovery.md
./cephfs/dynamic-metadata-management.md
./cephfs/eviction.md
./cephfs/experimental-features.md
./cephfs/file-layouts.md
./cephfs/fs-volumes.md
./cephfs/full.md
./cephfs/health-messages.md
./cephfs/index.md
./cephfs/journaler.md
./cephfs/kernel-features.md
./cephfs/lazyio.md
./cephfs/mantle.md
./cephfs/mdcache.md
./cephfs/mds-config-ref.md
./cephfs/mds-journaling.md
./cephfs/mds-states.md
./cephfs/metrics.md
./cephfs/mount-prerequisites.md
./cephfs/mount-using-fuse.md
./cephfs/mount-using-kernel-driver.md
./cephfs/multifs.md
./cephfs/multimds.md
./cephfs/nfs.md
./cephfs/posix.md
./cephfs/quota.md
./cephfs/recover-fs-after-mon-store-loss.md
./cephfs/scrub.md
./cephfs/snap-schedule.md
./cephfs/standby.md
./cephfs/troubleshooting.md
./cephfs/upgrading.md
./dev/ceph-volume/index.md
./dev/ceph-volume/lvm.md
./dev/ceph-volume/plugins.md
./dev/ceph-volume/systemd.md
./dev/ceph-volume/zfs.md
./dev/cephadm/design/storage_devices_and_osds.md
./dev/cephadm/compliance-check.md
./dev/cephadm/developing-cephadm.md
./dev/cephadm/host-maintenance.md
./dev/cephadm/index.md
./dev/cephadm/scalability-notes.md
./dev/crimson/crimson.md
./dev/crimson/error-handling.md
./dev/crimson/index.md
./dev/crimson/osd.md
./dev/crimson/pipeline.md
./dev/crimson/poseidonstore.md
./dev/dashboard/ui_goals.md
./dev/developer_guide/testing_integration_tests/index.md
./dev/developer_guide/testing_integration_tests/tests-integration-testing-teuthology-debugging-tips.md
./dev/developer_guide/testing_integration_tests/tests-integration-testing-teuthology-intro.md
./dev/developer_guide/testing_integration_tests/tests-integration-testing-teuthology-kernel.md
./dev/developer_guide/testing_integration_tests/tests-integration-testing-teuthology-workflow.md
./dev/developer_guide/testing_integration_tests/tests-sentry-developers-guide.md
./dev/developer_guide/basic-workflow.md
./dev/developer_guide/dash-devel.md
./dev/developer_guide/debugging-gdb.md
./dev/developer_guide/essentials.md
./dev/developer_guide/index.md
./dev/developer_guide/intro.md
./dev/developer_guide/issue-tracker.md
./dev/developer_guide/jaegertracing.md
./dev/developer_guide/merging.md
./dev/developer_guide/running-tests-locally.md
./dev/developer_guide/tests-unit-tests.md
./dev/mds_internals/data-structures.md
./dev/mds_internals/exports.md
./dev/mds_internals/index.md
./dev/mds_internals/locking.md
./dev/mds_internals/quiesce.md
./dev/osd_internals/erasure_coding/developer_notes.md
./dev/osd_internals/erasure_coding/ecbackend.md
./dev/osd_internals/erasure_coding/enhancements.md
./dev/osd_internals/erasure_coding/jerasure.md
./dev/osd_internals/erasure_coding/proposals.md
./dev/osd_internals/async_recovery.md
./dev/osd_internals/backfill_reservation.md
./dev/osd_internals/erasure_coding.md
./dev/osd_internals/index.md
./dev/osd_internals/last_epoch_started.md
./dev/osd_internals/log_based_pg.md
./dev/osd_internals/manifest.md
./dev/osd_internals/map_message_handling.md
./dev/osd_internals/mclock_wpq_cmp_study.md
./dev/osd_internals/osd_overview.md
./dev/osd_internals/partial_object_recovery.md
./dev/osd_internals/past_intervals.md
./dev/osd_internals/pg.md
./dev/osd_internals/pg_removal.md
./dev/osd_internals/pgpool.md
./dev/osd_internals/recovery_reservation.md
./dev/osd_internals/refcount.md
./dev/osd_internals/scrub.md
./dev/osd_internals/snaps.md
./dev/osd_internals/stale_read.md
./dev/osd_internals/watch_notify.md
./dev/osd_internals/wbthrottle.md
./dev/radosgw/admin/adminops_nonimplemented.md
./dev/radosgw/bucket_index.md
./dev/radosgw/index.md
./dev/radosgw/s3_compliance.md
./dev/radosgw/usage.md
./dev/balancer-design.md
./dev/blkin.md
./dev/bluestore.md
./dev/ceph_krb_auth.md
./dev/cephfs-mirroring.md
./dev/cephfs-reclaim.md
./dev/cephfs-snapshots.md
./dev/cephx.md
./dev/cephx_protocol.md
./dev/config-key.md
./dev/config.md
./dev/context.md
./dev/continuous-integration.md
./dev/corpus.md
./dev/cpu-profiler.md
./dev/crush-msr.md
./dev/cxx.md
./dev/deduplication.md
./dev/delayed-delete.md
./dev/dev_cluster_deployment.md
./dev/development-workflow.md
./dev/documenting.md
./dev/dpdk.md
./dev/encoding.md
./dev/erasure-coded-pool.md
./dev/file-striping.md
./dev/freebsd.md
./dev/generatedocs.md
./dev/health-reports.md
./dev/iana.md
./dev/internals.md
./dev/kubernetes.md
./dev/libs.md
./dev/logging.md
./dev/logs.md
./dev/macos.md
./dev/mempool_accounting.md
./dev/messenger.md
./dev/mon-bootstrap.md
./dev/mon-elections.md
./dev/mon-on-disk-formats.md
./dev/mon-osdmap-prune.md
./dev/msgr2.md
./dev/network-encoding.md
./dev/network-protocol.md
./dev/object-store.md
./dev/osd-class-path.md
./dev/peering.md
./dev/perf.md
./dev/perf_counters.md
./dev/perf_histograms.md
./dev/placement-group.md
./dev/quick_guide.md
./dev/rados-client-protocol.md
./dev/rbd-diff.md
./dev/seastore.md
./dev/rbd-export.md
./dev/rbd-layering.md
./dev/release-checklists.md
./dev/release-process.md
./dev/sepia.md
./dev/session_authentication.md
./dev/testing.md
./dev/versions.md
./dev/vstart-ganesha.md
./dev/wireshark.md
./dev/zoned-storage.md
./hardware-monitoring/index.md
./install/build-ceph.md
./install/clone-source.md
./install/containers.md
./install/get-packages.md
./install/get-tarballs.md
./install/index.md
./install/index_manual.md
./install/install-storage-cluster.md
./install/install-vm-cloud.md
./install/manual-deployment.md
./install/manual-freebsd-deployment.md
./install/mirrors.md
./install/windows-basic-config.md
./install/windows-install.md
./install/windows-troubleshooting.md
./jaegertracing/index.md
./man/8/ceph-authtool.md
./man/8/ceph-bluestore-tool.md
./man/8/ceph-clsinfo.md
./man/8/ceph-conf.md
./man/8/ceph-create-keys.md
./man/8/ceph-debugpack.md
./man/8/ceph-dencoder.md
./man/8/ceph-diff-sorted.md
./man/8/ceph-fuse.md
./man/8/ceph-immutable-object-cache.md
./man/8/ceph-kvstore-tool.md
./man/8/ceph-mds.md
./man/8/ceph-mon.md
./man/8/ceph-monstore-tool.md
./man/8/ceph-objectstore-tool.md
./man/8/ceph-osd.md
./man/8/ceph-post-file.md
./man/8/ceph-rbdnamer.md
./man/8/ceph-run.md
./man/8/ceph-syn.md
./man/8/ceph-volume-systemd.md
./man/8/ceph-volume.md
./man/8/ceph.md
./man/8/cephadm.md
./man/8/cephfs-mirror.md
./man/8/cephfs-shell.md
./man/8/cephfs-top.md
./man/8/crushdiff.md
./man/8/crushtool.md
./man/8/librados-config.md
./man/8/monmaptool.md
./man/8/mount.ceph.md
./man/8/mount.fuse.ceph.md
./man/8/osdmaptool.md
./man/8/rados.md
./man/8/radosgw-admin.md
./man/8/radosgw.md
./man/8/rbd-fuse.md
./man/8/rbd-ggate.md
./man/8/rbd-mirror.md
./man/8/rbd-nbd.md
./man/8/rbd-replay-many.md
./man/8/rbd-replay-prep.md
./man/8/rbd-replay.md
./man/8/rbd.md
./man/8/rbdmap.md
./man/8/rgw-orphan-list.md
./man/8/rgw-policy-check.md
./man/8/rgw-restore-bucket-index.md
./mgr/ceph_api/index.md
./mgr/dashboard_plugins/debug.inc.md
./mgr/dashboard_plugins/feature_toggles.inc.md
./mgr/dashboard_plugins/motd.inc.md
./mgr/administrator.md
./mgr/alerts.md
./mgr/cli_api.md
./mgr/crash.md
./mgr/dashboard.md
./mgr/diskprediction.md
./mgr/hello.md
./mgr/index.md
./mgr/influx.md
./mgr/insights.md
./mgr/iostat.md
./mgr/localpool.md
./mgr/mds_autoscaler.md
./mgr/modules.md
./mgr/nfs.md
./mgr/orchestrator.md
./mgr/orchestrator_modules.md
./mgr/progress.md
./mgr/prometheus.md
./mgr/restful.md
./mgr/rgw.md
./mgr/rook.md
./mgr/smb.md
./mgr/telegraf.md
./mgr/telemetry.md
./mgr/zabbix.md
./monitoring/index.md
./nvmeof/ha.md
./rados/api/index.md
./rados/api/libcephsqlite.md
./rados/api/librados-intro.md
./rados/api/librados.md
./rados/api/libradospp.md
./rados/api/objclass-sdk.md
./rados/api/python.md
./rados/configuration/auth-config-ref.md
./rados/configuration/bluestore-config-ref.md
./rados/configuration/ceph-conf.md
./rados/configuration/common.md
./rados/configuration/filestore-config-ref.md
./rados/configuration/general-config-ref.md
./rados/configuration/index.md
./rados/configuration/journal-ref.md
./rados/configuration/mclock-config-ref.md
./rados/configuration/mon-config-ref.md
./rados/configuration/mon-lookup-dns.md
./rados/configuration/mon-osd-interaction.md
./rados/configuration/msgr2.md
./rados/configuration/network-config-ref.md
./rados/configuration/osd-config-ref.md
./rados/configuration/pool-pg-config-ref.md
./rados/configuration/storage-devices.md
./rados/man/index.md
./rados/operations/pgcalc/index.md
./rados/operations/add-or-rm-mons.md
./rados/operations/add-or-rm-osds.md
./rados/operations/balancer.md
./rados/operations/bluestore-migration.md
./rados/operations/cache-tiering.md
./rados/operations/change-mon-elections.md
./rados/operations/control.md
./rados/operations/crush-map-edits.md
./rados/operations/crush-map.md
./rados/operations/data-placement.md
./rados/operations/devices.md
./rados/operations/erasure-code-clay.md
./rados/operations/erasure-code-isa.md
./rados/operations/erasure-code-jerasure.md
./rados/operations/erasure-code-lrc.md
./rados/operations/erasure-code-profile.md
./rados/operations/erasure-code-shec.md
./rados/operations/erasure-code.md
./rados/operations/health-checks.md
./rados/operations/index.md
./rados/operations/monitoring-osd-pg.md
./rados/operations/monitoring.md
./rados/operations/operating.md
./rados/operations/pg-concepts.md
./rados/operations/pg-states.md
./rados/operations/placement-groups.md
./rados/operations/pools.md
./rados/operations/read-balancer.md
./rados/operations/stretch-mode.md
./rados/operations/upmap.md
./rados/operations/user-management.md
./rados/troubleshooting/community.md
./rados/troubleshooting/cpu-profiling.md
./rados/troubleshooting/index.md
./rados/troubleshooting/log-and-debug.md
./rados/troubleshooting/memory-profiling.md
./rados/troubleshooting/troubleshooting-mon.md
./rados/troubleshooting/troubleshooting-osd.md
./rados/troubleshooting/troubleshooting-pg.md
./rados/index.md
./radosgw/s3/authentication.md
./radosgw/s3/bucketops.md
./radosgw/s3/commons.md
./radosgw/s3/cpp.md
./radosgw/s3/csharp.md
./radosgw/s3/java.md
./radosgw/s3/objectops.md
./radosgw/s3/perl.md
./radosgw/s3/php.md
./radosgw/s3/python.md
./radosgw/s3/ruby.md
./radosgw/s3/serviceops.md
./radosgw/swift/auth.md
./radosgw/swift/containerops.md
./radosgw/swift/java.md
./radosgw/swift/objectops.md
./radosgw/swift/python.md
./radosgw/swift/ruby.md
./radosgw/swift/serviceops.md
./radosgw/swift/tempurl.md
./radosgw/swift/tutorial.md
./radosgw/account.md
./radosgw/STS.md
./radosgw/STSLite.md
./radosgw/admin.md
./radosgw/adminops.md
./radosgw/api.md
./radosgw/archive-sync-module.md
./radosgw/barbican.md
./radosgw/bucketpolicy.md
./radosgw/cloud-sync-module.md
./radosgw/cloud-transition.md
./radosgw/compression.md
./radosgw/config-ref.md
./radosgw/d3n_datacache.md
./radosgw/dynamicresharding.md
./radosgw/elastic-sync-module.md
./radosgw/encryption.md
./radosgw/frontends.md
./radosgw/iam.md
./radosgw/index.md
./radosgw/keycloak.md
./radosgw/keystone.md
./radosgw/kmip.md
./radosgw/layout.md
./radosgw/ldap-auth.md
./radosgw/lua-scripting.md
./radosgw/metrics.md
./radosgw/mfa.md
./radosgw/multisite-sync-policy.md
./radosgw/multisite.md
./radosgw/multitenancy.md
./radosgw/nfs.md
./radosgw/notifications.md
./radosgw/oidc.md
./radosgw/opa.md
./radosgw/orphans.md
./radosgw/placement.md
./radosgw/pools.md
./radosgw/qat-accel.md
./radosgw/rgw-cache.md
./radosgw/role.md
./radosgw/s3-notification-compatibility.md
./radosgw/s3.md
./radosgw/s3select.md
./radosgw/session-tags.md
./radosgw/swift.md
./radosgw/sync-modules.md
./radosgw/troubleshooting.md
./radosgw/vault.md
./radosgw/zone-features.md
./rbd/api/index.md
./rbd/api/librbdpy.md
./rbd/man/index.md
./rbd/index.md
./rbd/iscsi-initiator-esx.md
./rbd/iscsi-initiator-linux.md
./rbd/iscsi-initiator-win.md
./rbd/iscsi-initiators.md
./rbd/iscsi-monitoring.md
./rbd/iscsi-overview.md
./rbd/iscsi-requirements.md
./rbd/iscsi-target-ansible.md
./rbd/iscsi-target-cli-manual-install.md
./rbd/iscsi-target-cli.md
./rbd/iscsi-targets.md
./rbd/libvirt.md
./rbd/nvmeof-initiator-esx.md
./rbd/nvmeof-initiator-linux.md
./rbd/nvmeof-initiators.md
./rbd/nvmeof-overview.md
./rbd/nvmeof-requirements.md
./rbd/nvmeof-target-configure.md
./rbd/qemu-rbd.md
./rbd/rados-rbd-cmds.md
./rbd/rbd-cloudstack.md
./rbd/rbd-config-ref.md
./rbd/rbd-encryption.md
./rbd/rbd-exclusive-locks.md
./rbd/rbd-integrations.md
./rbd/rbd-ko.md
./rbd/rbd-kubernetes.md
./rbd/rbd-live-migration.md
./rbd/rbd-mirroring.md
./rbd/rbd-nomad.md
./rbd/rbd-openstack.md
./rbd/rbd-operations.md
./rbd/rbd-persistent-read-only-cache.md
./rbd/rbd-persistent-write-log-cache.md
./rbd/rbd-replay.md
./rbd/rbd-snapshot.md
./rbd/rbd-windows.md
./releases/argonaut.md
./releases/bobtail.md
./releases/cuttlefish.md
./releases/dumpling.md
./releases/emperor.md
./releases/firefly.md
./releases/general.md
./releases/giant.md
./releases/hammer.md
./releases/index.md
./releases/infernalis.md
./releases/jewel.md
./releases/kraken.md
./releases/luminous.md
./releases/mimic.md
./releases/nautilus.md
./releases/octopus.md
./releases/pacific.md
./releases/quincy.md
./releases/reef.md
./scripts/README.md
./security/CVE-2021-20288.md
./security/CVE-2021-3509.md
./security/CVE-2021-3524.md
./security/CVE-2021-3531.md
./security/CVE-2022-0670.md
./security/cves.md
./security/index.md
./security/process.md
./start/beginners-guide.md
./start/documenting-ceph.md
./start/get-involved.md
./start/hardware-recommendations.md
./start/index.md
./start/os-recommendations.md
./start/quick-rbd.md
./architecture.md
./foundation.md
./glossary.md
./governance.md
./index.md
./man_index.md
