./api/index.rst
./api/mon_command_api.rst
./architecture.rst
./ceph-volume/drive-group.rst
./ceph-volume/index.rst
./ceph-volume/intro.rst
./ceph-volume/inventory.rst
./ceph-volume/lvm/activate.rst
./ceph-volume/lvm/batch.rst
./ceph-volume/lvm/create.rst
./ceph-volume/lvm/encryption.rst
./ceph-volume/lvm/index.rst
./ceph-volume/lvm/list.rst
./ceph-volume/lvm/migrate.rst
./ceph-volume/lvm/newdb.rst
./ceph-volume/lvm/newwal.rst
./ceph-volume/lvm/prepare.rst
./ceph-volume/lvm/scan.rst
./ceph-volume/lvm/systemd.rst
./ceph-volume/lvm/zap.rst
./ceph-volume/simple/activate.rst
./ceph-volume/simple/index.rst
./ceph-volume/simple/scan.rst
./ceph-volume/simple/systemd.rst
./ceph-volume/systemd.rst
./ceph-volume/zfs/index.rst
./ceph-volume/zfs/inventory.rst
./cephadm/adoption.rst
./cephadm/client-setup.rst
./cephadm/compatibility.rst
./cephadm/host-management.rst
./cephadm/index.rst
./cephadm/install.rst
./cephadm/operations.rst
./cephadm/services/custom-container.rst
./cephadm/services/index.rst
./cephadm/services/iscsi.rst
./cephadm/services/mds.rst
./cephadm/services/mgmt-gateway.rst
./cephadm/services/mgr.rst
./cephadm/services/mon.rst
./cephadm/services/monitoring.rst
./cephadm/services/nfs.rst
./cephadm/services/oauth2-proxy.rst
./cephadm/services/osd.rst
./cephadm/services/rgw.rst
./cephadm/services/smb.rst
./cephadm/services/snmp-gateway.rst
./cephadm/services/tracing.rst
./cephadm/troubleshooting.rst
./cephadm/upgrade.rst
./cephfs/add-remove-mds.rst
./cephfs/administration.rst
./cephfs/api/index.rst
./cephfs/api/libcephfs-java.rst
./cephfs/api/libcephfs-py.rst
./cephfs/app-best-practices.rst
./cephfs/cache-configuration.rst
./cephfs/capabilities.rst
./cephfs/ceph-dokan.rst
./cephfs/cephfs-io-path.rst
./cephfs/cephfs-journal-tool.rst
./cephfs/cephfs-mirroring.rst
./cephfs/cephfs-top.rst
./cephfs/client-auth.rst
./cephfs/client-config-ref.rst
./cephfs/createfs.rst
./cephfs/dirfrags.rst
./cephfs/disaster-recovery-experts.rst
./cephfs/disaster-recovery.rst
./cephfs/dynamic-metadata-management.rst
./cephfs/eviction.rst
./cephfs/experimental-features.rst
./cephfs/file-layouts.rst
./cephfs/fs-volumes.rst
./cephfs/full.rst
./cephfs/health-messages.rst
./cephfs/index.rst
./cephfs/journaler.rst
./cephfs/kernel-features.rst
./cephfs/lazyio.rst
./cephfs/mantle.rst
./cephfs/mdcache.rst
./cephfs/mds-config-ref.rst
./cephfs/mds-journaling.rst
./cephfs/mds-states.rst
./cephfs/metrics.rst
./cephfs/mount-prerequisites.rst
./cephfs/mount-using-fuse.rst
./cephfs/mount-using-kernel-driver.rst
./cephfs/multifs.rst
./cephfs/multimds.rst
./cephfs/nfs.rst
./cephfs/posix.rst
./cephfs/quota.rst
./cephfs/recover-fs-after-mon-store-loss.rst
./cephfs/scrub.rst
./cephfs/snap-schedule.rst
./cephfs/standby.rst
./cephfs/troubleshooting.rst
./cephfs/upgrading.rst
./dev/balancer-design.rst
./dev/blkin.rst
./dev/bluestore.rst
./dev/ceph-volume/index.rst
./dev/ceph-volume/lvm.rst
./dev/ceph-volume/plugins.rst
./dev/ceph-volume/systemd.rst
./dev/ceph-volume/zfs.rst
./dev/ceph_krb_auth.rst
./dev/cephadm/compliance-check.rst
./dev/cephadm/design/storage_devices_and_osds.rst
./dev/cephadm/developing-cephadm.rst
./dev/cephadm/host-maintenance.rst
./dev/cephadm/index.rst
./dev/cephadm/scalability-notes.rst
./dev/cephfs-mirroring.rst
./dev/cephfs-reclaim.rst
./dev/cephfs-snapshots.rst
./dev/cephx.rst
./dev/cephx_protocol.rst
./dev/config-key.rst
./dev/config.rst
./dev/context.rst
./dev/continuous-integration.rst
./dev/corpus.rst
./dev/cpu-profiler.rst
./dev/crimson/crimson.rst
./dev/crimson/error-handling.rst
./dev/crimson/index.rst
./dev/crimson/osd.rst
./dev/crimson/pipeline.rst
./dev/crimson/poseidonstore.rst
./dev/crush-msr.rst
./dev/cxx.rst
./dev/dashboard/ui_goals.rst
./dev/deduplication.rst
./dev/delayed-delete.rst
./dev/dev_cluster_deployment.rst
./dev/developer_guide/basic-workflow.rst
./dev/developer_guide/dash-devel.rst
./dev/developer_guide/debugging-gdb.rst
./dev/developer_guide/essentials.rst
./dev/developer_guide/index.rst
./dev/developer_guide/intro.rst
./dev/developer_guide/issue-tracker.rst
./dev/developer_guide/jaegertracing.rst
./dev/developer_guide/merging.rst
./dev/developer_guide/running-tests-locally.rst
./dev/developer_guide/testing_integration_tests/index.rst
./dev/developer_guide/testing_integration_tests/tests-integration-testing-teuthology-debugging-tips.rst
./dev/developer_guide/testing_integration_tests/tests-integration-testing-teuthology-intro.rst
./dev/developer_guide/testing_integration_tests/tests-integration-testing-teuthology-kernel.rst
./dev/developer_guide/testing_integration_tests/tests-integration-testing-teuthology-workflow.rst
./dev/developer_guide/testing_integration_tests/tests-sentry-developers-guide.rst
./dev/developer_guide/tests-unit-tests.rst
./dev/development-workflow.rst
./dev/documenting.rst
./dev/dpdk.rst
./dev/encoding.rst
./dev/erasure-coded-pool.rst
./dev/file-striping.rst
./dev/freebsd.rst
./dev/generatedocs.rst
./dev/health-reports.rst
./dev/iana.rst
./dev/internals.rst
./dev/kubernetes.rst
./dev/libs.rst
./dev/logging.rst
./dev/logs.rst
./dev/macos.rst
./dev/mds_internals/data-structures.rst
./dev/mds_internals/exports.rst
./dev/mds_internals/index.rst
./dev/mds_internals/locking.rst
./dev/mds_internals/quiesce.rst
./dev/mempool_accounting.rst
./dev/messenger.rst
./dev/mon-bootstrap.rst
./dev/mon-elections.rst
./dev/mon-on-disk-formats.rst
./dev/mon-osdmap-prune.rst
./dev/msgr2.rst
./dev/network-encoding.rst
./dev/network-protocol.rst
./dev/object-store.rst
./dev/osd-class-path.rst
./dev/osd_internals/async_recovery.rst
./dev/osd_internals/backfill_reservation.rst
./dev/osd_internals/erasure_coding.rst
./dev/osd_internals/erasure_coding/developer_notes.rst
./dev/osd_internals/erasure_coding/ecbackend.rst
./dev/osd_internals/erasure_coding/enhancements.rst
./dev/osd_internals/erasure_coding/jerasure.rst
./dev/osd_internals/erasure_coding/proposals.rst
./dev/osd_internals/index.rst
./dev/osd_internals/last_epoch_started.rst
./dev/osd_internals/log_based_pg.rst
./dev/osd_internals/manifest.rst
./dev/osd_internals/map_message_handling.rst
./dev/osd_internals/mclock_wpq_cmp_study.rst
./dev/osd_internals/osd_overview.rst
./dev/osd_internals/partial_object_recovery.rst
./dev/osd_internals/past_intervals.rst
./dev/osd_internals/pg.rst
./dev/osd_internals/pg_removal.rst
./dev/osd_internals/pgpool.rst
./dev/osd_internals/recovery_reservation.rst
./dev/osd_internals/refcount.rst
./dev/osd_internals/scrub.rst
./dev/osd_internals/snaps.rst
./dev/osd_internals/stale_read.rst
./dev/osd_internals/watch_notify.rst
./dev/osd_internals/wbthrottle.rst
./dev/peering.rst
./dev/perf.rst
./dev/perf_counters.rst
./dev/perf_histograms.rst
./dev/placement-group.rst
./dev/quick_guide.rst
./dev/rados-client-protocol.rst
./dev/radosgw/admin/adminops_nonimplemented.rst
./dev/radosgw/bucket_index.rst
./dev/radosgw/index.rst
./dev/radosgw/s3_compliance.rst
./dev/radosgw/usage.rst
./dev/rbd-diff.rst
./dev/rbd-export.rst
./dev/rbd-layering.rst
./dev/release-checklists.rst
./dev/release-process.rst
./dev/seastore.rst
./dev/sepia.rst
./dev/session_authentication.rst
./dev/testing.rst
./dev/versions.rst
./dev/vstart-ganesha.rst
./dev/wireshark.rst
./dev/zoned-storage.rst
./foundation.rst
./glossary.rst
./governance.rst
./hardware-monitoring/index.rst
./index.rst
./install/build-ceph.rst
./install/clone-source.rst
./install/containers.rst
./install/get-packages.rst
./install/get-tarballs.rst
./install/index.rst
./install/index_manual.rst
./install/install-storage-cluster.rst
./install/install-vm-cloud.rst
./install/manual-deployment.rst
./install/manual-freebsd-deployment.rst
./install/mirrors.rst
./install/windows-basic-config.rst
./install/windows-install.rst
./install/windows-troubleshooting.rst
./jaegertracing/index.rst
./man/8/ceph-authtool.rst
./man/8/ceph-bluestore-tool.rst
./man/8/ceph-clsinfo.rst
./man/8/ceph-conf.rst
./man/8/ceph-create-keys.rst
./man/8/ceph-debugpack.rst
./man/8/ceph-dencoder.rst
./man/8/ceph-diff-sorted.rst
./man/8/ceph-fuse.rst
./man/8/ceph-immutable-object-cache.rst
./man/8/ceph-kvstore-tool.rst
./man/8/ceph-mds.rst
./man/8/ceph-mon.rst
./man/8/ceph-monstore-tool.rst
./man/8/ceph-objectstore-tool.rst
./man/8/ceph-osd.rst
./man/8/ceph-post-file.rst
./man/8/ceph-rbdnamer.rst
./man/8/ceph-run.rst
./man/8/ceph-syn.rst
./man/8/ceph-volume-systemd.rst
./man/8/ceph-volume.rst
./man/8/ceph.rst
./man/8/cephadm.rst
./man/8/cephfs-mirror.rst
./man/8/cephfs-shell.rst
./man/8/cephfs-top.rst
./man/8/crushdiff.rst
./man/8/crushtool.rst
./man/8/librados-config.rst
./man/8/monmaptool.rst
./man/8/mount.ceph.rst
./man/8/mount.fuse.ceph.rst
./man/8/osdmaptool.rst
./man/8/rados.rst
./man/8/radosgw-admin.rst
./man/8/radosgw.rst
./man/8/rbd-fuse.rst
./man/8/rbd-ggate.rst
./man/8/rbd-mirror.rst
./man/8/rbd-nbd.rst
./man/8/rbd-replay-many.rst
./man/8/rbd-replay-prep.rst
./man/8/rbd-replay.rst
./man/8/rbd.rst
./man/8/rbdmap.rst
./man/8/rgw-orphan-list.rst
./man/8/rgw-policy-check.rst
./man/8/rgw-restore-bucket-index.rst
./man_index.rst
./mgr/administrator.rst
./mgr/alerts.rst
./mgr/ceph_api/index.rst
./mgr/cli_api.rst
./mgr/crash.rst
./mgr/dashboard.rst
./mgr/dashboard_plugins/debug.inc.rst
./mgr/dashboard_plugins/feature_toggles.inc.rst
./mgr/dashboard_plugins/motd.inc.rst
./mgr/diskprediction.rst
./mgr/hello.rst
./mgr/index.rst
./mgr/influx.rst
./mgr/insights.rst
./mgr/iostat.rst
./mgr/localpool.rst
./mgr/mds_autoscaler.rst
./mgr/modules.rst
./mgr/nfs.rst
./mgr/orchestrator.rst
./mgr/orchestrator_modules.rst
./mgr/progress.rst
./mgr/prometheus.rst
./mgr/restful.rst
./mgr/rgw.rst
./mgr/rook.rst
./mgr/smb.rst
./mgr/telegraf.rst
./mgr/telemetry.rst
./mgr/zabbix.rst
./monitoring/index.rst
./rados/api/index.rst
./rados/api/libcephsqlite.rst
./rados/api/librados-intro.rst
./rados/api/librados.rst
./rados/api/libradospp.rst
./rados/api/objclass-sdk.rst
./rados/api/python.rst
./rados/configuration/auth-config-ref.rst
./rados/configuration/bluestore-config-ref.rst
./rados/configuration/ceph-conf.rst
./rados/configuration/common.rst
./rados/configuration/filestore-config-ref.rst
./rados/configuration/general-config-ref.rst
./rados/configuration/index.rst
./rados/configuration/journal-ref.rst
./rados/configuration/mclock-config-ref.rst
./rados/configuration/mon-config-ref.rst
./rados/configuration/mon-lookup-dns.rst
./rados/configuration/mon-osd-interaction.rst
./rados/configuration/msgr2.rst
./rados/configuration/network-config-ref.rst
./rados/configuration/osd-config-ref.rst
./rados/configuration/pool-pg-config-ref.rst
./rados/configuration/storage-devices.rst
./rados/index.rst
./rados/man/index.rst
./rados/operations/add-or-rm-mons.rst
./rados/operations/add-or-rm-osds.rst
./rados/operations/balancer.rst
./rados/operations/bluestore-migration.rst
./rados/operations/cache-tiering.rst
./rados/operations/change-mon-elections.rst
./rados/operations/control.rst
./rados/operations/crush-map-edits.rst
./rados/operations/crush-map.rst
./rados/operations/data-placement.rst
./rados/operations/devices.rst
./rados/operations/erasure-code-clay.rst
./rados/operations/erasure-code-isa.rst
./rados/operations/erasure-code-jerasure.rst
./rados/operations/erasure-code-lrc.rst
./rados/operations/erasure-code-profile.rst
./rados/operations/erasure-code-shec.rst
./rados/operations/erasure-code.rst
./rados/operations/health-checks.rst
./rados/operations/index.rst
./rados/operations/monitoring-osd-pg.rst
./rados/operations/monitoring.rst
./rados/operations/operating.rst
./rados/operations/pg-concepts.rst
./rados/operations/pg-states.rst
./rados/operations/pgcalc/index.rst
./rados/operations/placement-groups.rst
./rados/operations/pools.rst
./rados/operations/read-balancer.rst
./rados/operations/stretch-mode.rst
./rados/operations/upmap.rst
./rados/operations/user-management.rst
./rados/troubleshooting/community.rst
./rados/troubleshooting/cpu-profiling.rst
./rados/troubleshooting/index.rst
./rados/troubleshooting/log-and-debug.rst
./rados/troubleshooting/memory-profiling.rst
./rados/troubleshooting/troubleshooting-mon.rst
./rados/troubleshooting/troubleshooting-osd.rst
./rados/troubleshooting/troubleshooting-pg.rst
./radosgw/STS.rst
./radosgw/STSLite.rst
./radosgw/account.rst
./radosgw/admin.rst
./radosgw/adminops.rst
./radosgw/api.rst
./radosgw/archive-sync-module.rst
./radosgw/barbican.rst
./radosgw/bucketpolicy.rst
./radosgw/cloud-sync-module.rst
./radosgw/cloud-transition.rst
./radosgw/compression.rst
./radosgw/config-ref.rst
./radosgw/d3n_datacache.rst
./radosgw/dynamicresharding.rst
./radosgw/elastic-sync-module.rst
./radosgw/encryption.rst
./radosgw/frontends.rst
./radosgw/iam.rst
./radosgw/index.rst
./radosgw/keycloak.rst
./radosgw/keystone.rst
./radosgw/kmip.rst
./radosgw/layout.rst
./radosgw/ldap-auth.rst
./radosgw/lua-scripting.rst
./radosgw/metrics.rst
./radosgw/mfa.rst
./radosgw/multisite-sync-policy.rst
./radosgw/multisite.rst
./radosgw/multitenancy.rst
./radosgw/nfs.rst
./radosgw/notifications.rst
./radosgw/oidc.rst
./radosgw/opa.rst
./radosgw/orphans.rst
./radosgw/placement.rst
./radosgw/pools.rst
./radosgw/qat-accel.rst
./radosgw/rgw-cache.rst
./radosgw/role.rst
./radosgw/s3-notification-compatibility.rst
./radosgw/s3.rst
./radosgw/s3/authentication.rst
./radosgw/s3/bucketops.rst
./radosgw/s3/commons.rst
./radosgw/s3/cpp.rst
./radosgw/s3/csharp.rst
./radosgw/s3/java.rst
./radosgw/s3/objectops.rst
./radosgw/s3/perl.rst
./radosgw/s3/php.rst
./radosgw/s3/python.rst
./radosgw/s3/ruby.rst
./radosgw/s3/serviceops.rst
./radosgw/s3select.rst
./radosgw/session-tags.rst
./radosgw/swift.rst
./radosgw/swift/auth.rst
./radosgw/swift/containerops.rst
./radosgw/swift/java.rst
./radosgw/swift/objectops.rst
./radosgw/swift/python.rst
./radosgw/swift/ruby.rst
./radosgw/swift/serviceops.rst
./radosgw/swift/tempurl.rst
./radosgw/swift/tutorial.rst
./radosgw/sync-modules.rst
./radosgw/troubleshooting.rst
./radosgw/vault.rst
./radosgw/zone-features.rst
./rbd/api/index.rst
./rbd/api/librbdpy.rst
./rbd/index.rst
./rbd/iscsi-initiator-esx.rst
./rbd/iscsi-initiator-linux.rst
./rbd/iscsi-initiator-win.rst
./rbd/iscsi-initiators.rst
./rbd/iscsi-monitoring.rst
./rbd/iscsi-overview.rst
./rbd/iscsi-requirements.rst
./rbd/iscsi-target-ansible.rst
./rbd/iscsi-target-cli-manual-install.rst
./rbd/iscsi-target-cli.rst
./rbd/iscsi-targets.rst
./rbd/libvirt.rst
./rbd/man/index.rst
./rbd/nvmeof-initiator-esx.rst
./rbd/nvmeof-initiator-linux.rst
./rbd/nvmeof-initiators.rst
./rbd/nvmeof-overview.rst
./rbd/nvmeof-requirements.rst
./rbd/nvmeof-target-configure.rst
./rbd/qemu-rbd.rst
./rbd/rados-rbd-cmds.rst
./rbd/rbd-cloudstack.rst
./rbd/rbd-config-ref.rst
./rbd/rbd-encryption.rst
./rbd/rbd-exclusive-locks.rst
./rbd/rbd-integrations.rst
./rbd/rbd-ko.rst
./rbd/rbd-kubernetes.rst
./rbd/rbd-live-migration.rst
./rbd/rbd-mirroring.rst
./rbd/rbd-nomad.rst
./rbd/rbd-openstack.rst
./rbd/rbd-operations.rst
./rbd/rbd-persistent-read-only-cache.rst
./rbd/rbd-persistent-write-log-cache.rst
./rbd/rbd-replay.rst
./rbd/rbd-snapshot.rst
./rbd/rbd-windows.rst
./releases/argonaut.rst
./releases/bobtail.rst
./releases/cuttlefish.rst
./releases/dumpling.rst
./releases/emperor.rst
./releases/firefly.rst
./releases/general.rst
./releases/giant.rst
./releases/hammer.rst
./releases/index.rst
./releases/infernalis.rst
./releases/jewel.rst
./releases/kraken.rst
./releases/luminous.rst
./releases/mimic.rst
./releases/nautilus.rst
./releases/octopus.rst
./releases/pacific.rst
./releases/quincy.rst
./releases/reef.rst
./security/CVE-2021-20288.rst
./security/CVE-2021-3509.rst
./security/CVE-2021-3524.rst
./security/CVE-2021-3531.rst
./security/CVE-2022-0670.rst
./security/cves.rst
./security/index.rst
./security/process.rst
./start/beginners-guide.rst
./start/documenting-ceph.rst
./start/get-involved.rst
./start/hardware-recommendations.rst
./start/index.rst
./start/os-recommendations.rst
./start/quick-rbd.rst
